<?xml version="1.0" encoding="UTF-8"?>
<!-- Generated by org.testng.reporters.JUnitReportReporter -->
<testsuite hostname="DESKTOP-K2PRQD6" failures="0" tests="1" name="Class1Prac" time="0.016" errors="0" timestamp="2023-04-17T20:44:56 IST" skipped="0">
  <testcase classname="Class1Prac" name="method1" time="0.016"/>
  <system-out/>
</testsuite> <!-- Class1Prac -->
