<?xml version="1.0" encoding="UTF-8"?>
<!-- Generated by org.testng.reporters.JUnitReportReporter -->
<testsuite hostname="DESKTOP-K2PRQD6" failures="0" tests="1" name="Class2Prac" time="0.018" errors="0" timestamp="2023-04-17T20:45:33 IST" skipped="0">
  <testcase classname="Class2Prac" name="method2" time="0.018"/>
  <system-out/>
</testsuite> <!-- Class2Prac -->
