<?xml version="1.0" encoding="UTF-8"?>
<!-- Generated by org.testng.reporters.JUnitReportReporter -->
<testsuite hostname="DESKTOP-K2PRQD6" failures="0" tests="5" name="testNgTestCases.DataProviderTask" time="10.819" errors="0" timestamp="2023-04-17T19:28:49 IST" skipped="0">
  <testcase classname="testNgTestCases.DataProviderTask" name="launchUrl" time="5.879"/>
  <system-out/>
  <testcase classname="testNgTestCases.DataProviderTask" name="pageLogin" time="1.707"/>
  <system-out/>
  <testcase classname="testNgTestCases.DataProviderTask" name="pageLogin" time="0.543"/>
  <system-out/>
  <testcase classname="testNgTestCases.DataProviderTask" name="pageLogin" time="1.372"/>
  <system-out/>
  <testcase classname="testNgTestCases.DataProviderTask" name="pageLogin" time="1.318"/>
  <system-out/>
</testsuite> <!-- testNgTestCases.DataProviderTask -->
