<?xml version="1.0" encoding="UTF-8"?>
<!-- Generated by org.testng.reporters.JUnitReportReporter -->
<testsuite hostname="DESKTOP-K2PRQD6" failures="0" tests="1" name="testNgTestCases.TestTask" time="7.766" errors="0" timestamp="2023-05-09T21:10:27 IST" skipped="0">
  <testcase classname="testNgTestCases.TestTask" name="click" time="7.766"/>
  <system-out/>
</testsuite> <!-- testNgTestCases.TestTask -->
