<?xml version="1.0" encoding="UTF-8"?>
<!-- Generated by org.testng.reporters.JUnitReportReporter -->
<testsuite hostname="DESKTOP-K2PRQD6" failures="0" tests="2" name="CheckBaseTest" time="0.044" errors="0" timestamp="2023-04-17T19:29:18 IST" skipped="0">
  <testcase classname="CheckBaseTest" name="fbTitle" time="0.024"/>
  <system-out/>
  <testcase classname="CheckBaseTest" name="fbUrl" time="0.020"/>
  <system-out/>
</testsuite> <!-- CheckBaseTest -->
